mode: set
github.com/DevPer/article-blog/config/config.go:18.50,20.16 2 1
github.com/DevPer/article-blog/config/config.go:23.2,25.16 3 1
github.com/DevPer/article-blog/config/config.go:28.2,28.16 1 1
github.com/DevPer/article-blog/config/config.go:20.16,21.65 1 1
github.com/DevPer/article-blog/config/config.go:25.16,26.72 1 0
github.com/DevPer/article-blog/internal/logic/article_svc.go:19.104,24.2 1 1
github.com/DevPer/article-blog/internal/logic/article_svc.go:26.145,29.44 1 1
github.com/DevPer/article-blog/internal/logic/article_svc.go:33.2,35.16 3 1
github.com/DevPer/article-blog/internal/logic/article_svc.go:38.2,40.8 1 1
github.com/DevPer/article-blog/internal/logic/article_svc.go:29.44,31.3 1 1
github.com/DevPer/article-blog/internal/logic/article_svc.go:35.16,37.3 1 1
github.com/DevPer/article-blog/internal/logic/article_svc.go:43.148,45.16 2 1
github.com/DevPer/article-blog/internal/logic/article_svc.go:51.2,56.8 1 1
github.com/DevPer/article-blog/internal/logic/article_svc.go:45.16,46.48 1 1
github.com/DevPer/article-blog/internal/logic/article_svc.go:49.3,49.60 1 1
github.com/DevPer/article-blog/internal/logic/article_svc.go:46.48,48.4 1 1
github.com/DevPer/article-blog/internal/logic/article_svc.go:59.148,61.16 2 1
github.com/DevPer/article-blog/internal/logic/article_svc.go:65.2,67.35 2 1
github.com/DevPer/article-blog/internal/logic/article_svc.go:75.2,75.18 1 1
github.com/DevPer/article-blog/internal/logic/article_svc.go:61.16,63.3 1 1
github.com/DevPer/article-blog/internal/logic/article_svc.go:67.35,74.3 1 1
github.com/DevPer/article-blog/internal/repository/db/sql/article/article.go:22.36,26.2 1 1
github.com/DevPer/article-blog/internal/repository/db/sql/article/article.go:28.78,31.16 3 1
github.com/DevPer/article-blog/internal/repository/db/sql/article/article.go:34.2,34.25 1 1
github.com/DevPer/article-blog/internal/repository/db/sql/article/article.go:31.16,33.3 1 0
github.com/DevPer/article-blog/internal/repository/db/sql/article/article.go:37.100,41.16 3 1
github.com/DevPer/article-blog/internal/repository/db/sql/article/article.go:44.2,45.15 2 1
github.com/DevPer/article-blog/internal/repository/db/sql/article/article.go:69.2,69.17 1 1
github.com/DevPer/article-blog/internal/repository/db/sql/article/article.go:41.16,43.3 1 0
github.com/DevPer/article-blog/internal/repository/db/sql/article/article.go:45.15,55.17 3 1
github.com/DevPer/article-blog/internal/repository/db/sql/article/article.go:58.3,67.5 1 1
github.com/DevPer/article-blog/internal/repository/db/sql/article/article.go:55.17,57.4 1 0
github.com/DevPer/article-blog/internal/repository/db/sql/article/article.go:72.62,76.30 2 1
github.com/DevPer/article-blog/internal/repository/db/sql/article/article.go:85.2,85.25 1 1
github.com/DevPer/article-blog/internal/repository/db/sql/article/article.go:88.2,88.11 1 0
github.com/DevPer/article-blog/internal/repository/db/sql/article/article.go:76.30,77.19 1 1
github.com/DevPer/article-blog/internal/repository/db/sql/article/article.go:79.15,80.65 1 1
github.com/DevPer/article-blog/internal/repository/db/sql/article/article.go:81.11,82.63 1 1
github.com/DevPer/article-blog/internal/repository/db/sql/article/article.go:85.25,87.3 1 1
github.com/DevPer/article-blog/internal/handler/article_svc.go:18.72,27.2 4 1
github.com/DevPer/article-blog/internal/handler/article_svc.go:29.65,31.40 2 1
github.com/DevPer/article-blog/internal/handler/article_svc.go:35.2,35.57 1 1
github.com/DevPer/article-blog/internal/handler/article_svc.go:39.2,40.16 2 1
github.com/DevPer/article-blog/internal/handler/article_svc.go:44.2,44.74 1 1
github.com/DevPer/article-blog/internal/handler/article_svc.go:31.40,34.3 2 0
github.com/DevPer/article-blog/internal/handler/article_svc.go:35.57,38.3 2 1
github.com/DevPer/article-blog/internal/handler/article_svc.go:40.16,43.3 2 1
github.com/DevPer/article-blog/internal/handler/article_svc.go:47.66,49.76 2 1
github.com/DevPer/article-blog/internal/handler/article_svc.go:55.2,55.57 1 1
github.com/DevPer/article-blog/internal/handler/article_svc.go:59.2,60.16 2 1
github.com/DevPer/article-blog/internal/handler/article_svc.go:64.2,64.79 1 0
github.com/DevPer/article-blog/internal/handler/article_svc.go:49.76,52.3 2 1
github.com/DevPer/article-blog/internal/handler/article_svc.go:52.8,54.3 1 1
github.com/DevPer/article-blog/internal/handler/article_svc.go:55.57,58.3 2 0
github.com/DevPer/article-blog/internal/handler/article_svc.go:60.16,63.3 2 1
github.com/DevPer/article-blog/internal/handler/article_svc.go:67.66,70.16 3 1
github.com/DevPer/article-blog/internal/handler/article_svc.go:74.2,74.69 1 0
github.com/DevPer/article-blog/internal/handler/article_svc.go:70.16,73.3 2 1
github.com/DevPer/article-blog/app/register_services.go:10.47,13.2 1 1
github.com/DevPer/article-blog/app/server.go:19.48,24.46 3 1
github.com/DevPer/article-blog/app/server.go:28.2,28.10 1 1
github.com/DevPer/article-blog/app/server.go:24.46,26.3 1 0
github.com/DevPer/article-blog/app/init.go:26.45,32.16 5 1
github.com/DevPer/article-blog/app/init.go:35.2,41.15 4 1
github.com/DevPer/article-blog/app/init.go:32.16,34.3 1 0
github.com/DevPer/article-blog/app/init.go:44.46,46.38 2 0
github.com/DevPer/article-blog/app/init.go:49.2,55.57 4 0
github.com/DevPer/article-blog/app/init.go:58.2,58.12 1 0
github.com/DevPer/article-blog/app/init.go:46.38,48.3 1 0
github.com/DevPer/article-blog/app/init.go:55.57,57.3 1 0
github.com/DevPer/article-blog/app/init.go:61.51,62.16 1 0
github.com/DevPer/article-blog/app/init.go:65.2,65.16 1 0
github.com/DevPer/article-blog/app/init.go:68.2,74.16 5 0
github.com/DevPer/article-blog/app/init.go:77.2,77.12 1 0
github.com/DevPer/article-blog/app/init.go:62.16,64.3 1 0
github.com/DevPer/article-blog/app/init.go:65.16,67.3 1 0
github.com/DevPer/article-blog/app/init.go:74.16,76.3 1 0
